<?xml version="1.0" encoding="UTF-8"?>
<testng-results ignored="0" total="16" passed="15" failed="1" skipped="0">
  <reporter-output>
  </reporter-output>
  <suite started-at="2020-08-26T22:53:30 IST" name="TestNG testing" finished-at="2020-08-26T22:57:48 IST" duration-ms="258572">
    <groups>
    </groups>
    <test started-at="2020-08-26T22:53:30 IST" name="Rama" finished-at="2020-08-26T22:57:48 IST" duration-ms="258572">
      <class name="com.qa.testcases.DashboardPageTest">
        <test-method is-config="true" signature="setUp()[pri:0, instance:com.qa.testcases.DashboardPageTest@318ba8c8]" started-at="2020-08-26T22:53:57 IST" name="setUp" finished-at="2020-08-26T22:54:07 IST" duration-ms="9794" status="PASS">
          <reporter-output>
          </reporter-output>
        </test-method> <!-- setUp -->
        <test-method signature="selectOnSentimentAnalysisTrading()[pri:1, instance:com.qa.testcases.DashboardPageTest@318ba8c8]" started-at="2020-08-26T22:54:07 IST" name="selectOnSentimentAnalysisTrading" finished-at="2020-08-26T22:54:11 IST" duration-ms="3873" status="PASS">
          <reporter-output>
          </reporter-output>
        </test-method> <!-- selectOnSentimentAnalysisTrading -->
        <test-method is-config="true" signature="tearDown()[pri:0, instance:com.qa.testcases.DashboardPageTest@318ba8c8]" started-at="2020-08-26T22:54:11 IST" name="tearDown" finished-at="2020-08-26T22:54:12 IST" duration-ms="1108" status="PASS">
          <reporter-output>
          </reporter-output>
        </test-method> <!-- tearDown -->
      </class> <!-- com.qa.testcases.DashboardPageTest -->
      <class name="com.qa.testcases.SentimentAnalysisTradingPageTest">
        <test-method is-config="true" signature="setUp()[pri:0, instance:com.qa.testcases.SentimentAnalysisTradingPageTest@6dbb137d]" started-at="2020-08-26T22:54:12 IST" name="setUp" finished-at="2020-08-26T22:54:25 IST" duration-ms="12541" status="PASS">
          <reporter-output>
          </reporter-output>
        </test-method> <!-- setUp -->
        <test-method signature="verifyCourseNameTest()[pri:1, instance:com.qa.testcases.SentimentAnalysisTradingPageTest@6dbb137d]" started-at="2020-08-26T22:54:25 IST" name="verifyCourseNameTest" finished-at="2020-08-26T22:54:26 IST" duration-ms="896" status="PASS">
          <reporter-output>
          </reporter-output>
        </test-method> <!-- verifyCourseNameTest -->
        <test-method is-config="true" signature="tearDown()[pri:0, instance:com.qa.testcases.SentimentAnalysisTradingPageTest@6dbb137d]" started-at="2020-08-26T22:54:26 IST" name="tearDown" finished-at="2020-08-26T22:54:26 IST" duration-ms="748" status="PASS">
          <reporter-output>
          </reporter-output>
        </test-method> <!-- tearDown -->
        <test-method is-config="true" signature="setUp()[pri:0, instance:com.qa.testcases.SentimentAnalysisTradingPageTest@6dbb137d]" started-at="2020-08-26T22:54:26 IST" name="setUp" finished-at="2020-08-26T22:54:40 IST" duration-ms="13683" status="PASS">
          <reporter-output>
          </reporter-output>
        </test-method> <!-- setUp -->
        <test-method signature="verifyPriceTest()[pri:2, instance:com.qa.testcases.SentimentAnalysisTradingPageTest@6dbb137d]" started-at="2020-08-26T22:54:40 IST" name="verifyPriceTest" finished-at="2020-08-26T22:54:41 IST" duration-ms="795" status="PASS">
          <reporter-output>
          </reporter-output>
        </test-method> <!-- verifyPriceTest -->
        <test-method is-config="true" signature="tearDown()[pri:0, instance:com.qa.testcases.SentimentAnalysisTradingPageTest@6dbb137d]" started-at="2020-08-26T22:54:41 IST" name="tearDown" finished-at="2020-08-26T22:54:42 IST" duration-ms="1137" status="PASS">
          <reporter-output>
          </reporter-output>
        </test-method> <!-- tearDown -->
        <test-method is-config="true" signature="setUp()[pri:0, instance:com.qa.testcases.SentimentAnalysisTradingPageTest@6dbb137d]" started-at="2020-08-26T22:54:42 IST" name="setUp" finished-at="2020-08-26T22:54:57 IST" duration-ms="14984" status="PASS">
          <reporter-output>
          </reporter-output>
        </test-method> <!-- setUp -->
        <test-method signature="clickOnEnrollNowtest()[pri:3, instance:com.qa.testcases.SentimentAnalysisTradingPageTest@6dbb137d]" started-at="2020-08-26T22:54:57 IST" name="clickOnEnrollNowtest" finished-at="2020-08-26T22:55:00 IST" duration-ms="3469" status="PASS">
          <reporter-output>
          </reporter-output>
        </test-method> <!-- clickOnEnrollNowtest -->
        <test-method is-config="true" signature="tearDown()[pri:0, instance:com.qa.testcases.SentimentAnalysisTradingPageTest@6dbb137d]" started-at="2020-08-26T22:55:00 IST" name="tearDown" finished-at="2020-08-26T22:55:01 IST" duration-ms="768" status="PASS">
          <reporter-output>
          </reporter-output>
        </test-method> <!-- tearDown -->
      </class> <!-- com.qa.testcases.SentimentAnalysisTradingPageTest -->
      <class name="com.qa.testcases.HomePageTest">
        <test-method is-config="true" signature="setUp()[pri:0, instance:com.qa.testcases.HomePageTest@63a65a25]" started-at="2020-08-26T22:53:30 IST" name="setUp" finished-at="2020-08-26T22:53:38 IST" duration-ms="7605" status="PASS">
          <reporter-output>
          </reporter-output>
        </test-method> <!-- setUp -->
        <test-method signature="verifyHomePageTitleTest()[pri:1, instance:com.qa.testcases.HomePageTest@63a65a25]" started-at="2020-08-26T22:53:38 IST" name="verifyHomePageTitleTest" finished-at="2020-08-26T22:53:38 IST" duration-ms="283" status="PASS">
          <reporter-output>
          </reporter-output>
        </test-method> <!-- verifyHomePageTitleTest -->
        <test-method is-config="true" signature="tearDown()[pri:0, instance:com.qa.testcases.HomePageTest@63a65a25]" started-at="2020-08-26T22:53:38 IST" name="tearDown" finished-at="2020-08-26T22:53:39 IST" duration-ms="671" status="PASS">
          <reporter-output>
          </reporter-output>
        </test-method> <!-- tearDown -->
        <test-method is-config="true" signature="setUp()[pri:0, instance:com.qa.testcases.HomePageTest@63a65a25]" started-at="2020-08-26T22:53:39 IST" name="setUp" finished-at="2020-08-26T22:53:45 IST" duration-ms="6613" status="PASS">
          <reporter-output>
          </reporter-output>
        </test-method> <!-- setUp -->
        <test-method signature="clickOnLoginButtonTest()[pri:2, instance:com.qa.testcases.HomePageTest@63a65a25]" started-at="2020-08-26T22:53:45 IST" name="clickOnLoginButtonTest" finished-at="2020-08-26T22:53:47 IST" duration-ms="2308" status="PASS">
          <reporter-output>
          </reporter-output>
        </test-method> <!-- clickOnLoginButtonTest -->
        <test-method is-config="true" signature="tearDown()[pri:0, instance:com.qa.testcases.HomePageTest@63a65a25]" started-at="2020-08-26T22:53:47 IST" name="tearDown" finished-at="2020-08-26T22:53:48 IST" duration-ms="836" status="PASS">
          <reporter-output>
          </reporter-output>
        </test-method> <!-- tearDown -->
      </class> <!-- com.qa.testcases.HomePageTest -->
      <class name="com.qa.testcases.LoginPageTest">
        <test-method is-config="true" signature="setUp()[pri:0, instance:com.qa.testcases.LoginPageTest@54c562f7]" started-at="2020-08-26T22:53:48 IST" name="setUp" finished-at="2020-08-26T22:53:55 IST" duration-ms="7098" status="PASS">
          <reporter-output>
          </reporter-output>
        </test-method> <!-- setUp -->
        <test-method signature="loginTest()[pri:1, instance:com.qa.testcases.LoginPageTest@54c562f7]" started-at="2020-08-26T22:53:55 IST" name="loginTest" finished-at="2020-08-26T22:53:57 IST" duration-ms="1200" status="PASS">
          <reporter-output>
          </reporter-output>
        </test-method> <!-- loginTest -->
        <test-method is-config="true" signature="tearDown()[pri:0, instance:com.qa.testcases.LoginPageTest@54c562f7]" started-at="2020-08-26T22:53:57 IST" name="tearDown" finished-at="2020-08-26T22:53:57 IST" duration-ms="741" status="PASS">
          <reporter-output>
          </reporter-output>
        </test-method> <!-- tearDown -->
      </class> <!-- com.qa.testcases.LoginPageTest -->
      <class name="com.qa.testcases.CartPageTest">
        <test-method is-config="true" signature="setUp()[pri:0, instance:com.qa.testcases.CartPageTest@3c9d0b9d]" started-at="2020-08-26T22:55:01 IST" name="setUp" finished-at="2020-08-26T22:55:18 IST" duration-ms="17231" status="PASS">
          <reporter-output>
          </reporter-output>
        </test-method> <!-- setUp -->
        <test-method signature="verifyCourseCountTest()[pri:1, instance:com.qa.testcases.CartPageTest@3c9d0b9d]" started-at="2020-08-26T22:55:18 IST" name="verifyCourseCountTest" finished-at="2020-08-26T22:55:19 IST" duration-ms="395" status="FAIL">
          <exception class="java.lang.AssertionError">
            <message>
              <![CDATA[expected [5] but found [5]]]>
            </message>
            <full-stacktrace>
              <![CDATA[java.lang.AssertionError: expected [5] but found [5]
at org.testng.Assert.fail(Assert.java:97)
at org.testng.Assert.assertEqualsImpl(Assert.java:136)
at org.testng.Assert.assertEquals(Assert.java:118)
at org.testng.Assert.assertEquals(Assert.java:563)
at com.qa.pages.CartPage.verifyCourseCount(CartPage.java:63)
at com.qa.testcases.CartPageTest.verifyCourseCountTest(CartPageTest.java:49)
at java.base/jdk.internal.reflect.NativeMethodAccessorImpl.invoke0(Native Method)
at java.base/jdk.internal.reflect.NativeMethodAccessorImpl.invoke(NativeMethodAccessorImpl.java:62)
at java.base/jdk.internal.reflect.DelegatingMethodAccessorImpl.invoke(DelegatingMethodAccessorImpl.java:43)
at java.base/java.lang.reflect.Method.invoke(Method.java:567)
at org.testng.internal.MethodInvocationHelper.invokeMethod(MethodInvocationHelper.java:134)
at org.testng.internal.TestInvoker.invokeMethod(TestInvoker.java:597)
at org.testng.internal.TestInvoker.invokeTestMethod(TestInvoker.java:173)
at org.testng.internal.MethodRunner.runInSequence(MethodRunner.java:46)
at org.testng.internal.TestInvoker$MethodInvocationAgent.invoke(TestInvoker.java:816)
at org.testng.internal.TestInvoker.invokeTestMethods(TestInvoker.java:146)
at org.testng.internal.TestMethodWorker.invokeTestMethods(TestMethodWorker.java:146)
at org.testng.internal.TestMethodWorker.run(TestMethodWorker.java:128)
at java.base/java.util.ArrayList.forEach(ArrayList.java:1507)
at org.testng.TestRunner.privateRun(TestRunner.java:766)
at org.testng.TestRunner.run(TestRunner.java:587)
at org.testng.SuiteRunner.runTest(SuiteRunner.java:384)
at org.testng.SuiteRunner.runSequentially(SuiteRunner.java:378)
at org.testng.SuiteRunner.privateRun(SuiteRunner.java:337)
at org.testng.SuiteRunner.run(SuiteRunner.java:286)
at org.testng.SuiteRunnerWorker.runSuite(SuiteRunnerWorker.java:53)
at org.testng.SuiteRunnerWorker.run(SuiteRunnerWorker.java:96)
at org.testng.TestNG.runSuitesSequentially(TestNG.java:1187)
at org.testng.TestNG.runSuitesLocally(TestNG.java:1109)
at org.testng.TestNG.runSuites(TestNG.java:1039)
at org.testng.TestNG.run(TestNG.java:1007)
at org.testng.remote.AbstractRemoteTestNG.run(AbstractRemoteTestNG.java:115)
at org.testng.remote.RemoteTestNG.initAndRun(RemoteTestNG.java:251)
at org.testng.remote.RemoteTestNG.main(RemoteTestNG.java:77)
]]>
            </full-stacktrace>
          </exception> <!-- java.lang.AssertionError -->
          <reporter-output>
          </reporter-output>
        </test-method> <!-- verifyCourseCountTest -->
        <test-method is-config="true" signature="tearDown()[pri:0, instance:com.qa.testcases.CartPageTest@3c9d0b9d]" started-at="2020-08-26T22:55:19 IST" name="tearDown" finished-at="2020-08-26T22:55:20 IST" duration-ms="773" status="PASS">
          <reporter-output>
          </reporter-output>
        </test-method> <!-- tearDown -->
        <test-method is-config="true" signature="setUp()[pri:0, instance:com.qa.testcases.CartPageTest@3c9d0b9d]" started-at="2020-08-26T22:55:20 IST" name="setUp" finished-at="2020-08-26T22:55:36 IST" duration-ms="16094" status="PASS">
          <reporter-output>
          </reporter-output>
        </test-method> <!-- setUp -->
        <test-method signature="captureBaseAmountTest()[pri:2, instance:com.qa.testcases.CartPageTest@3c9d0b9d]" started-at="2020-08-26T22:55:36 IST" name="captureBaseAmountTest" finished-at="2020-08-26T22:55:36 IST" duration-ms="577" status="PASS">
          <reporter-output>
          </reporter-output>
        </test-method> <!-- captureBaseAmountTest -->
        <test-method is-config="true" signature="tearDown()[pri:0, instance:com.qa.testcases.CartPageTest@3c9d0b9d]" started-at="2020-08-26T22:55:36 IST" name="tearDown" finished-at="2020-08-26T22:55:37 IST" duration-ms="828" status="PASS">
          <reporter-output>
          </reporter-output>
        </test-method> <!-- tearDown -->
        <test-method is-config="true" signature="setUp()[pri:0, instance:com.qa.testcases.CartPageTest@3c9d0b9d]" started-at="2020-08-26T22:55:37 IST" name="setUp" finished-at="2020-08-26T22:55:54 IST" duration-ms="17228" status="PASS">
          <reporter-output>
          </reporter-output>
        </test-method> <!-- setUp -->
        <test-method signature="captureAmountPayableTest()[pri:3, instance:com.qa.testcases.CartPageTest@3c9d0b9d]" started-at="2020-08-26T22:55:54 IST" name="captureAmountPayableTest" finished-at="2020-08-26T22:55:55 IST" duration-ms="501" status="PASS">
          <reporter-output>
          </reporter-output>
        </test-method> <!-- captureAmountPayableTest -->
        <test-method is-config="true" signature="tearDown()[pri:0, instance:com.qa.testcases.CartPageTest@3c9d0b9d]" started-at="2020-08-26T22:55:55 IST" name="tearDown" finished-at="2020-08-26T22:55:56 IST" duration-ms="793" status="PASS">
          <reporter-output>
          </reporter-output>
        </test-method> <!-- tearDown -->
        <test-method is-config="true" signature="setUp()[pri:0, instance:com.qa.testcases.CartPageTest@3c9d0b9d]" started-at="2020-08-26T22:55:56 IST" name="setUp" finished-at="2020-08-26T22:56:13 IST" duration-ms="17454" status="PASS">
          <reporter-output>
          </reporter-output>
        </test-method> <!-- setUp -->
        <test-method signature="clickOnViewDetailsTest()[pri:4, instance:com.qa.testcases.CartPageTest@3c9d0b9d]" started-at="2020-08-26T22:56:13 IST" name="clickOnViewDetailsTest" finished-at="2020-08-26T22:56:14 IST" duration-ms="597" status="PASS">
          <reporter-output>
          </reporter-output>
        </test-method> <!-- clickOnViewDetailsTest -->
        <test-method is-config="true" signature="tearDown()[pri:0, instance:com.qa.testcases.CartPageTest@3c9d0b9d]" started-at="2020-08-26T22:56:14 IST" name="tearDown" finished-at="2020-08-26T22:56:14 IST" duration-ms="753" status="PASS">
          <reporter-output>
          </reporter-output>
        </test-method> <!-- tearDown -->
        <test-method is-config="true" signature="setUp()[pri:0, instance:com.qa.testcases.CartPageTest@3c9d0b9d]" started-at="2020-08-26T22:56:14 IST" name="setUp" finished-at="2020-08-26T22:56:33 IST" duration-ms="18305" status="PASS">
          <reporter-output>
          </reporter-output>
        </test-method> <!-- setUp -->
        <test-method signature="clickOnRemoveTest()[pri:5, instance:com.qa.testcases.CartPageTest@3c9d0b9d]" started-at="2020-08-26T22:56:33 IST" name="clickOnRemoveTest" finished-at="2020-08-26T22:56:33 IST" duration-ms="652" status="PASS">
          <reporter-output>
          </reporter-output>
        </test-method> <!-- clickOnRemoveTest -->
        <test-method is-config="true" signature="tearDown()[pri:0, instance:com.qa.testcases.CartPageTest@3c9d0b9d]" started-at="2020-08-26T22:56:33 IST" name="tearDown" finished-at="2020-08-26T22:56:34 IST" duration-ms="737" status="PASS">
          <reporter-output>
          </reporter-output>
        </test-method> <!-- tearDown -->
        <test-method is-config="true" signature="setUp()[pri:0, instance:com.qa.testcases.CartPageTest@3c9d0b9d]" started-at="2020-08-26T22:56:34 IST" name="setUp" finished-at="2020-08-26T22:56:51 IST" duration-ms="16838" status="PASS">
          <reporter-output>
          </reporter-output>
        </test-method> <!-- setUp -->
        <test-method signature="clickOnApplyCouponTest()[pri:6, instance:com.qa.testcases.CartPageTest@3c9d0b9d]" started-at="2020-08-26T22:56:51 IST" name="clickOnApplyCouponTest" finished-at="2020-08-26T22:56:52 IST" duration-ms="642" status="PASS">
          <reporter-output>
          </reporter-output>
        </test-method> <!-- clickOnApplyCouponTest -->
        <test-method is-config="true" signature="tearDown()[pri:0, instance:com.qa.testcases.CartPageTest@3c9d0b9d]" started-at="2020-08-26T22:56:52 IST" name="tearDown" finished-at="2020-08-26T22:56:52 IST" duration-ms="822" status="PASS">
          <reporter-output>
          </reporter-output>
        </test-method> <!-- tearDown -->
        <test-method is-config="true" signature="setUp()[pri:0, instance:com.qa.testcases.CartPageTest@3c9d0b9d]" started-at="2020-08-26T22:56:52 IST" name="setUp" finished-at="2020-08-26T22:57:10 IST" duration-ms="17749" status="PASS">
          <reporter-output>
          </reporter-output>
        </test-method> <!-- setUp -->
        <test-method signature="verifyErrorMessageTest()[pri:7, instance:com.qa.testcases.CartPageTest@3c9d0b9d]" started-at="2020-08-26T22:57:10 IST" name="verifyErrorMessageTest" finished-at="2020-08-26T22:57:11 IST" duration-ms="911" status="PASS">
          <reporter-output>
          </reporter-output>
        </test-method> <!-- verifyErrorMessageTest -->
        <test-method is-config="true" signature="tearDown()[pri:0, instance:com.qa.testcases.CartPageTest@3c9d0b9d]" started-at="2020-08-26T22:57:11 IST" name="tearDown" finished-at="2020-08-26T22:57:12 IST" duration-ms="806" status="PASS">
          <reporter-output>
          </reporter-output>
        </test-method> <!-- tearDown -->
        <test-method is-config="true" signature="setUp()[pri:0, instance:com.qa.testcases.CartPageTest@3c9d0b9d]" started-at="2020-08-26T22:57:12 IST" name="setUp" finished-at="2020-08-26T22:57:29 IST" duration-ms="17442" status="PASS">
          <reporter-output>
          </reporter-output>
        </test-method> <!-- setUp -->
        <test-method signature="clickOnCloseCouponTest()[pri:8, instance:com.qa.testcases.CartPageTest@3c9d0b9d]" started-at="2020-08-26T22:57:29 IST" name="clickOnCloseCouponTest" finished-at="2020-08-26T22:57:30 IST" duration-ms="603" status="PASS">
          <reporter-output>
          </reporter-output>
        </test-method> <!-- clickOnCloseCouponTest -->
        <test-method is-config="true" signature="tearDown()[pri:0, instance:com.qa.testcases.CartPageTest@3c9d0b9d]" started-at="2020-08-26T22:57:30 IST" name="tearDown" finished-at="2020-08-26T22:57:31 IST" duration-ms="794" status="PASS">
          <reporter-output>
          </reporter-output>
        </test-method> <!-- tearDown -->
        <test-method is-config="true" signature="setUp()[pri:0, instance:com.qa.testcases.CartPageTest@3c9d0b9d]" started-at="2020-08-26T22:57:31 IST" name="setUp" finished-at="2020-08-26T22:57:47 IST" duration-ms="16541" status="PASS">
          <reporter-output>
          </reporter-output>
        </test-method> <!-- setUp -->
        <test-method signature="clickOnLogoutTest()[pri:9, instance:com.qa.testcases.CartPageTest@3c9d0b9d]" started-at="2020-08-26T22:57:47 IST" name="clickOnLogoutTest" finished-at="2020-08-26T22:57:48 IST" duration-ms="456" status="PASS">
          <reporter-output>
          </reporter-output>
        </test-method> <!-- clickOnLogoutTest -->
        <test-method is-config="true" signature="tearDown()[pri:0, instance:com.qa.testcases.CartPageTest@3c9d0b9d]" started-at="2020-08-26T22:57:48 IST" name="tearDown" finished-at="2020-08-26T22:57:48 IST" duration-ms="780" status="PASS">
          <reporter-output>
          </reporter-output>
        </test-method> <!-- tearDown -->
      </class> <!-- com.qa.testcases.CartPageTest -->
    </test> <!-- Rama -->
  </suite> <!-- TestNG testing -->
</testng-results>
