<?xml version="1.0" encoding="UTF-8"?>
<!-- Generated by org.testng.reporters.JUnitXMLReporter -->
<testsuite ignored="0" hostname="LAPTOP-TJ2PMSNK" failures="1" tests="16" name="Rama" time="258.572" errors="0" timestamp="2020-08-26T22:57:49 IST">
  <testcase classname="com.qa.testcases.HomePageTest" name="verifyHomePageTitleTest" time="0.283"/>
  <testcase classname="com.qa.testcases.HomePageTest" name="clickOnLoginButtonTest" time="2.308"/>
  <testcase classname="com.qa.testcases.LoginPageTest" name="loginTest" time="1.2"/>
  <testcase classname="com.qa.testcases.DashboardPageTest" name="selectOnSentimentAnalysisTrading" time="3.873"/>
  <testcase classname="com.qa.testcases.SentimentAnalysisTradingPageTest" name="verifyCourseNameTest" time="0.896"/>
  <testcase classname="com.qa.testcases.SentimentAnalysisTradingPageTest" name="verifyPriceTest" time="0.795"/>
  <testcase classname="com.qa.testcases.SentimentAnalysisTradingPageTest" name="clickOnEnrollNowtest" time="3.469"/>
  <testcase classname="com.qa.testcases.CartPageTest" name="verifyCourseCountTest" time="0.395">
    <failure type="java.lang.AssertionError" message="expected [5] but found [5]">
      <![CDATA[java.lang.AssertionError: expected [5] but found [5]
at com.qa.pages.CartPage.verifyCourseCount(CartPage.java:63)
at com.qa.testcases.CartPageTest.verifyCourseCountTest(CartPageTest.java:49)
at java.base/java.util.ArrayList.forEach(ArrayList.java:1507)
... Removed 31 stack frames]]>
    </failure>
  </testcase> <!-- verifyCourseCountTest -->
  <testcase classname="com.qa.testcases.CartPageTest" name="captureBaseAmountTest" time="0.577"/>
  <testcase classname="com.qa.testcases.CartPageTest" name="captureAmountPayableTest" time="0.501"/>
  <testcase classname="com.qa.testcases.CartPageTest" name="clickOnViewDetailsTest" time="0.597"/>
  <testcase classname="com.qa.testcases.CartPageTest" name="clickOnRemoveTest" time="0.652"/>
  <testcase classname="com.qa.testcases.CartPageTest" name="clickOnApplyCouponTest" time="0.642"/>
  <testcase classname="com.qa.testcases.CartPageTest" name="verifyErrorMessageTest" time="0.911"/>
  <testcase classname="com.qa.testcases.CartPageTest" name="clickOnCloseCouponTest" time="0.603"/>
  <testcase classname="com.qa.testcases.CartPageTest" name="clickOnLogoutTest" time="0.456"/>
</testsuite> <!-- Rama -->
